<?xml version="1.0" encoding="UTF-8"?>
<!-- Generated by org.testng.reporters.JUnitReportReporter -->
<testsuite hostname="Naveen" failures="0" tests="1" name="com.browserstack.RunWebDriverCucumberTests" time="30.781" errors="0" timestamp="2024-01-25T17:42:19 IST" skipped="0">
  <testcase classname="com.browserstack.RunWebDriverCucumberTests" name="runScenario" time="30.781"/>
  <system-out/>
</testsuite> <!-- com.browserstack.RunWebDriverCucumberTests -->
